La génération a démarré 02/déc./2014 11:53:00 AM.
     1>Projet "C:\Users\Sam\Documents\GitHub\Travail-Pratique-Final\Travail Final\Travail Final\Travail Final.vcxproj" sur le nœud 2 (Build cible(s)).
     1>ClCompile:
         C:\Program Files (x86)\Microsoft Visual Studio 12.0\VC\bin\CL.exe /c /ZI /nologo /W3 /WX- /sdl /Od /Oy- /D _MBCS /Gm /EHsc /RTC1 /MDd /GS /fp:precise /Zc:wchar_t /Zc:forScope /Fo"Debug\\" /Fd"Debug\vc120.pdb" /Gd /TP /analyze- /errorReport:prompt main.cpp
         main.cpp
     1>c:\users\sam\documents\github\travail-pratique-final\travail final\travail final\cvecteur2d.h(31): warning C4244: 'argument' : conversion de 'double' en 'float', perte possible de données
     1>c:\users\sam\documents\github\travail-pratique-final\travail final\travail final\cvecteur2d.h(31): warning C4244: '=' : conversion de 'float' en 'int', perte possible de données
     1>c:\users\sam\documents\github\travail-pratique-final\travail final\travail final\cvecteur2d.h(32): warning C4244: 'argument' : conversion de 'double' en 'float', perte possible de données
     1>c:\users\sam\documents\github\travail-pratique-final\travail final\travail final\cvecteur2d.h(32): warning C4244: '=' : conversion de 'float' en 'int', perte possible de données
     1>c:\users\sam\documents\github\travail-pratique-final\travail final\travail final\cbutton.h(48): warning C4018: '<' : incompatibilité signed/unsigned
     1>c:\users\sam\documents\github\travail-pratique-final\travail final\travail final\cmenu.h(37): warning C4018: '<' : incompatibilité signed/unsigned
     1>c:\users\sam\documents\github\travail-pratique-final\travail final\travail final\cscrollbar.h(107): warning C4244: 'return' : conversion de 'float' en 'unsigned int', perte possible de données
     1>c:\users\sam\documents\github\travail-pratique-final\travail final\travail final\ctoolbar.h(48): warning C4018: '<' : incompatibilité signed/unsigned
     1>c:\users\sam\documents\github\travail-pratique-final\travail final\travail final\ctoolbar.h(58): warning C4018: '>' : incompatibilité signed/unsigned
     1>c:\users\sam\documents\github\travail-pratique-final\travail final\travail final\ctoolbar.h(89): warning C4018: '<' : incompatibilité signed/unsigned
     1>c:\users\sam\documents\github\travail-pratique-final\travail final\travail final\ctoolbar.h(93): warning C4018: '>=' : incompatibilité signed/unsigned
     1>c:\users\sam\documents\github\travail-pratique-final\travail final\travail final\ctoolbar.h(93): warning C4018: '<=' : incompatibilité signed/unsigned
     1>c:\users\sam\documents\github\travail-pratique-final\travail final\travail final\ctoolbar.h(103): warning C4018: '<=' : incompatibilité signed/unsigned
     1>c:\users\sam\documents\github\travail-pratique-final\travail final\travail final\ctoolbar.h(103): warning C4018: '>' : incompatibilité signed/unsigned
     1>c:\users\sam\documents\github\travail-pratique-final\travail final\travail final\ctoolbar.h(110): warning C4018: '>=' : incompatibilité signed/unsigned
     1>c:\users\sam\documents\github\travail-pratique-final\travail final\travail final\ctoolbar.h(110): warning C4018: '<' : incompatibilité signed/unsigned
     1>c:\users\sam\documents\github\travail-pratique-final\travail final\travail final\ctoolbar.h(142): warning C4244: '=' : conversion de 'float' en 'unsigned int', perte possible de données
     1>c:\users\sam\documents\github\travail-pratique-final\travail final\travail final\ctoolbar.h(159): warning C4018: '>=' : incompatibilité signed/unsigned
     1>c:\users\sam\documents\github\travail-pratique-final\travail final\travail final\ctoolbar.h(159): warning C4018: '<=' : incompatibilité signed/unsigned
     1>c:\users\sam\documents\github\travail-pratique-final\travail final\travail final\cbarrepuissance.h(86): warning C4244: '=' : conversion de 'double' en 'int', perte possible de données
     1>c:\users\sam\documents\github\travail-pratique-final\travail final\travail final\cmissile.h(96): warning C4244: 'initialisation' : conversion de 'double' en 'float', perte possible de données
     1>c:\users\sam\documents\github\travail-pratique-final\travail final\travail final\cmissile.h(112): warning C4244: 'argument' : conversion de 'double' en 'float', perte possible de données
     1>c:\users\sam\documents\github\travail-pratique-final\travail final\travail final\cbarrevie.h(37): warning C4244: '=' : conversion de 'float' en 'int', perte possible de données
     1>c:\users\sam\documents\github\travail-pratique-final\travail final\travail final\cbarrevie.h(61): warning C4244: '=' : conversion de 'float' en 'int', perte possible de données
     1>c:\users\sam\documents\github\travail-pratique-final\travail final\travail final\cmine.h(58): warning C4244: '+=' : conversion de 'double' en 'int', perte possible de données
     1>c:\users\sam\documents\github\travail-pratique-final\travail final\travail final\cteam.h(50): warning C4018: '<' : incompatibilité signed/unsigned
     1>c:\users\sam\documents\github\travail-pratique-final\travail final\travail final\cteam.h(56): warning C4244: '+=' : conversion de 'double' en 'int', perte possible de données
     1>c:\users\sam\documents\github\travail-pratique-final\travail final\travail final\cmap.h(70): warning C4244: 'argument' : conversion de 'double' en 'int', perte possible de données
     1>c:\users\sam\documents\github\travail-pratique-final\travail final\travail final\cmap.h(115): warning C4018: '<' : incompatibilité signed/unsigned
     1>c:\users\sam\documents\github\travail-pratique-final\travail final\travail final\cgame.h(29): warning C4018: '<' : incompatibilité signed/unsigned
     1>c:\users\sam\documents\github\travail-pratique-final\travail final\travail final\cgame.h(49): warning C4018: '<' : incompatibilité signed/unsigned
     1>c:\users\sam\documents\github\travail-pratique-final\travail final\travail final\cgame.h(55): warning C4018: '<' : incompatibilité signed/unsigned
     1>c:\users\sam\documents\github\travail-pratique-final\travail final\travail final\cgame.h(59): warning C4018: '<' : incompatibilité signed/unsigned
     1>c:\users\sam\documents\github\travail-pratique-final\travail final\travail final\cwindow.h(45): warning C4018: '<' : incompatibilité signed/unsigned
     1>c:\users\sam\documents\github\travail-pratique-final\travail final\travail final\cwindow.h(59): warning C4018: '<' : incompatibilité signed/unsigned
     1>c:\users\sam\documents\github\travail-pratique-final\travail final\travail final\main.cpp(127): warning C4018: '<' : incompatibilité signed/unsigned
     1>c:\users\sam\documents\github\travail-pratique-final\travail final\travail final\main.cpp(129): warning C4018: '<' : incompatibilité signed/unsigned
     1>c:\users\sam\documents\github\travail-pratique-final\travail final\travail final\main.cpp(175): warning C4244: 'return' : conversion de 'double' en 'float', perte possible de données
     1>c:\users\sam\documents\github\travail-pratique-final\travail final\travail final\main.cpp(193): warning C4244: 'initialisation' : conversion de 'double' en 'int', perte possible de données
     1>c:\users\sam\documents\github\travail-pratique-final\travail final\travail final\main.cpp(194): warning C4244: 'initialisation' : conversion de 'double' en 'int', perte possible de données
     1>c:\users\sam\documents\github\travail-pratique-final\travail final\travail final\main.cpp(236): warning C4554: '&' : vérifiez la priorité des opérateurs comme cause possible d'erreur ; utilisez des parenthèses pour rendre plus claires les priorités
     1>c:\users\sam\documents\github\travail-pratique-final\travail final\travail final\main.cpp(292): warning C4101: 'iy' : variable locale non référencée
     1>c:\users\sam\documents\github\travail-pratique-final\travail final\travail final\main.cpp(661): warning C4244: 'argument' : conversion de 'time_t' en 'unsigned int', perte possible de données
     1>c:\users\sam\documents\github\travail-pratique-final\travail final\travail final\clistedc.h(152): warning C4552: '+' : opérateur sans effet ; opérateur avec effet secondaire attendu
                 c:\users\sam\documents\github\travail-pratique-final\travail final\travail final\clistedc.h(147) : lors de la compilation de la fonction membre 'bool CListeDC<SDL_Texture *>::AllerATrieur(unsigned int)' de la classe modèle
                 c:\users\sam\documents\github\travail-pratique-final\travail final\travail final\ctoolbar.h(54) : voir la référence à l'instanciation de la fonction modèle 'bool CListeDC<SDL_Texture *>::AllerATrieur(unsigned int)' en cours de compilation
                 c:\users\sam\documents\github\travail-pratique-final\travail final\travail final\clabel.h(63) : voir la référence à l'instanciation de la classe modèle 'CListeDC<SDL_Texture *>' en cours de compilation
     1>c:\users\sam\documents\github\travail-pratique-final\travail final\travail final\clistedc.h(155): warning C4552: '-' : opérateur sans effet ; opérateur avec effet secondaire attendu
     1>c:\users\sam\documents\github\travail-pratique-final\travail final\travail final\clistedc.h(164): warning C4552: '-' : opérateur sans effet ; opérateur avec effet secondaire attendu
     1>c:\users\sam\documents\github\travail-pratique-final\travail final\travail final\clistedc.h(207): warning C4552: '+' : opérateur sans effet ; opérateur avec effet secondaire attendu
                 c:\users\sam\documents\github\travail-pratique-final\travail final\travail final\clistedc.h(202) : lors de la compilation de la fonction membre 'bool CListeDC<SDL_Texture *>::AllerACurseur(unsigned int)' de la classe modèle
                 c:\users\sam\documents\github\travail-pratique-final\travail final\travail final\clabel.h(178) : voir la référence à l'instanciation de la fonction modèle 'bool CListeDC<SDL_Texture *>::AllerACurseur(unsigned int)' en cours de compilation
     1>c:\users\sam\documents\github\travail-pratique-final\travail final\travail final\clistedc.h(210): warning C4552: '-' : opérateur sans effet ; opérateur avec effet secondaire attendu
     1>c:\users\sam\documents\github\travail-pratique-final\travail final\travail final\clistedc.h(219): warning C4552: '-' : opérateur sans effet ; opérateur avec effet secondaire attendu
     1>c:\users\sam\documents\github\travail-pratique-final\travail final\travail final\carbreavl.h(445): error C2679: '>' binaire : aucun opérateur trouvé qui accepte un opérande de partie droite de type 'std::string' (ou il n'existe pas de conversion acceptable)
                 est peut-être 'built-in C++ operator>(CControl *, CControl *)'
                 lors de la tentative de mise en correspondance de la liste des arguments '(CControl *, std::string)'
                 c:\users\sam\documents\github\travail-pratique-final\travail final\travail final\carbreavl.h(408) : lors de la compilation de la fonction membre 'void CArbreAVL<CControl *>::ModificationIndiceEquilibreDroit(CNoeudArbreAVL<T> *,bool)' de la classe modèle
                 with
                 [
                     T=CControl *
                 ]
                 c:\users\sam\documents\github\travail-pratique-final\travail final\travail final\carbreavl.h(615) : voir la référence à l'instanciation de la fonction modèle 'void CArbreAVL<CControl *>::ModificationIndiceEquilibreDroit(CNoeudArbreAVL<T> *,bool)' en cours de compilation
                 with
                 [
                     T=CControl *
                 ]
                 c:\users\sam\documents\github\travail-pratique-final\travail final\travail final\cmenu.h(24) : voir la référence à l'instanciation de la classe modèle 'CArbreAVL<CControl *>' en cours de compilation
     1>c:\users\sam\documents\github\travail-pratique-final\travail final\travail final\carbreavl.h(448): error C2679: '<' binaire : aucun opérateur trouvé qui accepte un opérande de partie droite de type 'std::string' (ou il n'existe pas de conversion acceptable)
                 est peut-être 'built-in C++ operator<(CControl *, CControl *)'
                 lors de la tentative de mise en correspondance de la liste des arguments '(CControl *, std::string)'
     1>Génération du projet "C:\Users\Sam\Documents\GitHub\Travail-Pratique-Final\Travail Final\Travail Final\Travail Final.vcxproj" terminée (Build cible(s)) -- ÉCHEC.

ÉCHEC de la build.

Temps écoulé 00:00:01.25
