c:\users\julien\documents\github\travail-pratique-final\travail_final\travail final\travail final\debug\vc120.pdb
c:\users\julien\documents\github\travail-pratique-final\travail_final\travail final\travail final\debug\vc120.idb
c:\users\julien\documents\github\travail-pratique-final\travail_final\travail final\travail final\debug\main.obj
c:\users\julien\desktop\travail_final\travail final\travail final\debug\vc120.pdb
c:\users\julien\desktop\travail_final\travail final\travail final\debug\vc120.idb
c:\users\julien\desktop\travail_final\travail final\travail final\debug\main.obj
c:\users\julien\documents\github\travail-pratique-final\travail final\travail final\debug\vc120.pdb
c:\users\julien\documents\github\travail-pratique-final\travail final\travail final\debug\vc120.idb
c:\users\julien\documents\github\travail-pratique-final\travail final\travail final\debug\main.obj
c:\users\julien\documents\github\travail-pratique-final\travail_final\travail final\debug\travail final.ilk
c:\users\julien\documents\github\travail-pratique-final\travail_final\travail final\debug\travail final.exe
c:\users\julien\documents\github\travail-pratique-final\travail_final\travail final\debug\travail final.pdb
c:\users\julien\desktop\travail_final\travail final\debug\travail final.ilk
c:\users\julien\desktop\travail_final\travail final\debug\travail final.exe
c:\users\julien\desktop\travail_final\travail final\debug\travail final.pdb
c:\users\julien\documents\github\travail-pratique-final\travail final\debug\travail final.ilk
c:\users\julien\documents\github\travail-pratique-final\travail final\debug\travail final.exe
c:\users\julien\documents\github\travail-pratique-final\travail final\debug\travail final.pdb
c:\users\nicolas\documents\github\travail-pratique-final\travail final\travail final\debug\travail final.tlog\cl.command.1.tlog
c:\users\nicolas\documents\github\travail-pratique-final\travail final\travail final\debug\travail final.tlog\cl.read.1.tlog
c:\users\nicolas\documents\github\travail-pratique-final\travail final\travail final\debug\travail final.tlog\cl.write.1.tlog
c:\users\nicolas\documents\github\travail-pratique-final\travail final\travail final\debug\travail final.tlog\link.command.1.tlog
c:\users\nicolas\documents\github\travail-pratique-final\travail final\travail final\debug\travail final.tlog\link.read.1.tlog
c:\users\nicolas\documents\github\travail-pratique-final\travail final\travail final\debug\travail final.tlog\link.write.1.tlog
