La génération a démarré 2014-10-30 2:09:33 PM.
     1>Projet "C:\Users\Xavier\Documents\GitHub\Travail-Pratique-Final\Travail_Final\Travail Final\Travail Final\Travail Final.vcxproj" sur le nœud 2 (Rebuild cible(s)).
     1>ClCompile:
         C:\Program Files (x86)\Microsoft Visual Studio 12.0\VC\bin\CL.exe /c /ZI /nologo /W3 /WX- /sdl /Od /Oy- /D _MBCS /Gm /EHsc /RTC1 /MDd /GS /fp:precise /Zc:wchar_t /Zc:forScope /Fo"Debug\\" /Fd"Debug\vc120.pdb" /Gd /TP /analyze- /errorReport:prompt main.cpp
         main.cpp
     1>c:\users\xavier\documents\github\travail-pratique-final\travail_final\travail final\travail final\cmenu.h(10): error C2143: erreur de syntaxe : absence de ';' avant '<'
     1>c:\users\xavier\documents\github\travail-pratique-final\travail_final\travail final\travail final\cmenu.h(10): error C4430: spécificateur de type manquant - int est pris en compte par défaut. Remarque : C++ ne prend pas en charge int par défaut
     1>c:\users\xavier\documents\github\travail-pratique-final\travail_final\travail final\travail final\cmenu.h(10): error C2238: jetons inattendus avant ';'
     1>c:\users\xavier\documents\github\travail-pratique-final\travail_final\travail final\travail final\cmenu.h(26): warning C4018: '<' : incompatibilité signed/unsigned
     1>c:\users\xavier\documents\github\travail-pratique-final\travail_final\travail final\travail final\cmenu.h(27): error C2065: 'm_pArbreControl' : identificateur non déclaré
     1>c:\users\xavier\documents\github\travail-pratique-final\travail_final\travail final\travail final\cmenu.h(27): error C2227: la partie gauche de '->Ajouter' doit pointer vers un type class/struct/union/générique
                 le type est 'unknown-type'
     1>c:\users\xavier\documents\github\travail-pratique-final\travail_final\travail final\travail final\cmenu.h(43): error C2065: 'm_pArbreControl' : identificateur non déclaré
     1>c:\users\xavier\documents\github\travail-pratique-final\travail_final\travail final\travail final\cmenu.h(43): error C2227: la partie gauche de '->Ajouter' doit pointer vers un type class/struct/union/générique
                 le type est 'unknown-type'
     1>c:\users\xavier\documents\github\travail-pratique-final\travail_final\travail final\travail final\cmenu.h(59): error C2065: 'm_pArbreControl' : identificateur non déclaré
     1>c:\users\xavier\documents\github\travail-pratique-final\travail_final\travail final\travail final\cmenu.h(59): error C2227: la partie gauche de '->Retirer' doit pointer vers un type class/struct/union/générique
                 le type est 'unknown-type'
     1>c:\users\xavier\documents\github\travail-pratique-final\travail_final\travail final\travail final\cmenu.h(70): error C2065: 'm_pArbreControl' : identificateur non déclaré
     1>c:\users\xavier\documents\github\travail-pratique-final\travail_final\travail final\travail final\cmenu.h(70): error C2227: la partie gauche de '->ParcoursControl' doit pointer vers un type class/struct/union/générique
                 le type est 'unknown-type'
     1>c:\users\xavier\documents\github\travail-pratique-final\travail_final\travail final\travail final\cwindow.h(41): warning C4018: '<' : incompatibilité signed/unsigned
     1>c:\users\xavier\documents\github\travail-pratique-final\travail_final\travail final\travail final\cwindow.h(55): warning C4018: '<' : incompatibilité signed/unsigned
     1>c:\users\xavier\documents\github\travail-pratique-final\travail_final\travail final\travail final\cbutton.h(37): error C2146: erreur de syntaxe : absence de ';' avant l'identificateur '‏'
     1>c:\users\xavier\documents\github\travail-pratique-final\travail_final\travail final\travail final\cbutton.h(37): error C2065: '‏' : identificateur non déclaré
     1>c:\users\xavier\documents\github\travail-pratique-final\travail_final\travail final\travail final\cbutton.h(38): error C2146: erreur de syntaxe : absence de ';' avant l'identificateur '‏'
     1>c:\users\xavier\documents\github\travail-pratique-final\travail_final\travail final\travail final\cbutton.h(38): error C2065: '‏' : identificateur non déclaré
     1>c:\users\xavier\documents\github\travail-pratique-final\travail_final\travail final\travail final\cbutton.h(40): warning C4018: '<' : incompatibilité signed/unsigned
     1>Génération du projet "C:\Users\Xavier\Documents\GitHub\Travail-Pratique-Final\Travail_Final\Travail Final\Travail Final\Travail Final.vcxproj" terminée (Rebuild cible(s)) -- ÉCHEC.

ÉCHEC de la build.

Temps écoulé 00:00:00.37
